This is pdfTeX, Version 3.141592653-2.6-1.40.26 (MiKTeX 24.4) (preloaded format=pdflatex 2024.8.8)  22 SEP 2024 21:52
entering extended mode
 restricted \write18 enabled.
 %&-line parsing enabled.
**./v5.tex
(v5.tex
LaTeX2e <2024-06-01> patch level 2
L3 programming layer <2024-07-20>
(/home/MoDMAN200o/.miktex/texmfs/install/tex/latex/base/article.cls
Document Class: article 2024/02/08 v1.4n Standard LaTeX document class
(/home/MoDMAN200o/.miktex/texmfs/install/tex/latex/base/size10.clo
File: size10.clo 2024/02/08 v1.4n Standard LaTeX file (size option)
)
\c@part=\count194
\c@section=\count195
\c@subsection=\count196
\c@subsubsection=\count197
\c@paragraph=\count198
\c@subparagraph=\count199
\c@figure=\count266
\c@table=\count267
\abovecaptionskip=\skip49
\belowcaptionskip=\skip50
\bibindent=\dimen141
)
(/home/MoDMAN200o/.miktex/texmfs/install/tex/latex/amsmath/amsmath.sty
Package: amsmath 2024/05/23 v2.17q AMS math features
\@mathmargin=\skip51

For additional information on amsmath, use the `?' option.
(/home/MoDMAN200o/.miktex/texmfs/install/tex/latex/amsmath/amstext.sty
Package: amstext 2021/08/26 v2.01 AMS text

(/home/MoDMAN200o/.miktex/texmfs/install/tex/latex/amsmath/amsgen.sty
File: amsgen.sty 1999/11/30 v2.0 generic functions
\@emptytoks=\toks17
\ex@=\dimen142
))
(/home/MoDMAN200o/.miktex/texmfs/install/tex/latex/amsmath/amsbsy.sty
Package: amsbsy 1999/11/29 v1.2d Bold Symbols
\pmbraise@=\dimen143
)
(/home/MoDMAN200o/.miktex/texmfs/install/tex/latex/amsmath/amsopn.sty
Package: amsopn 2022/04/08 v2.04 operator names
)
\inf@bad=\count268
LaTeX Info: Redefining \frac on input line 233.
\uproot@=\count269
\leftroot@=\count270
LaTeX Info: Redefining \overline on input line 398.
LaTeX Info: Redefining \colon on input line 409.
\classnum@=\count271
\DOTSCASE@=\count272
LaTeX Info: Redefining \ldots on input line 495.
LaTeX Info: Redefining \dots on input line 498.
LaTeX Info: Redefining \cdots on input line 619.
\Mathstrutbox@=\box52
\strutbox@=\box53
LaTeX Info: Redefining \big on input line 721.
LaTeX Info: Redefining \Big on input line 722.
LaTeX Info: Redefining \bigg on input line 723.
LaTeX Info: Redefining \Bigg on input line 724.
\big@size=\dimen144
LaTeX Font Info:    Redeclaring font encoding OML on input line 742.
LaTeX Font Info:    Redeclaring font encoding OMS on input line 743.
\macc@depth=\count273
LaTeX Info: Redefining \bmod on input line 904.
LaTeX Info: Redefining \pmod on input line 909.
LaTeX Info: Redefining \smash on input line 939.
LaTeX Info: Redefining \relbar on input line 969.
LaTeX Info: Redefining \Relbar on input line 970.
\c@MaxMatrixCols=\count274
\dotsspace@=\muskip17
\c@parentequation=\count275
\dspbrk@lvl=\count276
\tag@help=\toks18
\row@=\count277
\column@=\count278
\maxfields@=\count279
\andhelp@=\toks19
\eqnshift@=\dimen145
\alignsep@=\dimen146
\tagshift@=\dimen147
\tagwidth@=\dimen148
\totwidth@=\dimen149
\lineht@=\dimen150
\@envbody=\toks20
\multlinegap=\skip52
\multlinetaggap=\skip53
\mathdisplay@stack=\toks21
LaTeX Info: Redefining \[ on input line 2953.
LaTeX Info: Redefining \] on input line 2954.
)
(/home/MoDMAN200o/.miktex/texmfs/install/tex/latex/amscls/amsthm.sty
Package: amsthm 2020/05/29 v2.20.6
\thm@style=\toks22
\thm@bodyfont=\toks23
\thm@headfont=\toks24
\thm@notefont=\toks25
\thm@headpunct=\toks26
\thm@preskip=\skip54
\thm@postskip=\skip55
\thm@headsep=\skip56
\dth@everypar=\toks27
)
(/home/MoDMAN200o/.miktex/texmfs/install/tex/latex/amsfonts/amsfonts.sty
Package: amsfonts 2013/01/14 v3.01 Basic AMSFonts support
\symAMSa=\mathgroup4
\symAMSb=\mathgroup5
LaTeX Font Info:    Redeclaring math symbol \hbar on input line 98.
LaTeX Font Info:    Overwriting math alphabet `\mathfrak' in version `bold'
(Font)                  U/euf/m/n --> U/euf/b/n on input line 106.
)
(/home/MoDMAN200o/.miktex/texmfs/install/tex/latex/amsfonts/amssymb.sty
Package: amssymb 2013/01/14 v3.01 AMS font symbols
)
(/home/MoDMAN200o/.miktex/texmfs/install/tex/latex/tikz-cd/tikz-cd.sty
Package: tikz-cd 2021/05/04 v1.0 Commutative diagrams with TikZ

(/home/MoDMAN200o/.miktex/texmfs/install/tex/latex/pgf/frontendlayer/tikz.sty
(/home/MoDMAN200o/.miktex/texmfs/install/tex/latex/pgf/basiclayer/pgf.sty
(/home/MoDMAN200o/.miktex/texmfs/install/tex/latex/pgf/utilities/pgfrcs.sty
(/home/MoDMAN200o/.miktex/texmfs/install/tex/generic/pgf/utilities/pgfutil-comm
on.tex
\pgfutil@everybye=\toks28
\pgfutil@tempdima=\dimen151
\pgfutil@tempdimb=\dimen152
)
(/home/MoDMAN200o/.miktex/texmfs/install/tex/generic/pgf/utilities/pgfutil-late
x.def
\pgfutil@abb=\box54
)
(/home/MoDMAN200o/.miktex/texmfs/install/tex/generic/pgf/utilities/pgfrcs.code.
tex (/home/MoDMAN200o/.miktex/texmfs/install/tex/generic/pgf/pgf.revision.tex)
Package: pgfrcs 2023-01-15 v3.1.10 (3.1.10)
))
Package: pgf 2023-01-15 v3.1.10 (3.1.10)
 (/home/MoDMAN200o/.miktex/texmfs/install/tex/latex/pgf/basiclayer/pgfcore.sty 
(/home/MoDMAN200o/.miktex/texmfs/install/tex/latex/graphics/graphicx.sty
Package: graphicx 2021/09/16 v1.2d Enhanced LaTeX Graphics (DPC,SPQR)

(/home/MoDMAN200o/.miktex/texmfs/install/tex/latex/graphics/keyval.sty
Package: keyval 2022/05/29 v1.15 key=value parser (DPC)
\KV@toks@=\toks29
)
(/home/MoDMAN200o/.miktex/texmfs/install/tex/latex/graphics/graphics.sty
Package: graphics 2024/05/23 v1.4g Standard LaTeX Graphics (DPC,SPQR)

(/home/MoDMAN200o/.miktex/texmfs/install/tex/latex/graphics/trig.sty
Package: trig 2023/12/02 v1.11 sin cos tan (DPC)
)
(/home/MoDMAN200o/.miktex/texmfs/install/tex/latex/graphics-cfg/graphics.cfg
File: graphics.cfg 2016/06/04 v1.11 sample graphics configuration
)
Package graphics Info: Driver file: pdftex.def on input line 106.

(/home/MoDMAN200o/.miktex/texmfs/install/tex/latex/graphics-def/pdftex.def
File: pdftex.def 2024/04/13 v1.2c Graphics/color driver for pdftex
))
\Gin@req@height=\dimen153
\Gin@req@width=\dimen154
)
(/home/MoDMAN200o/.miktex/texmfs/install/tex/latex/pgf/systemlayer/pgfsys.sty
(/home/MoDMAN200o/.miktex/texmfs/install/tex/generic/pgf/systemlayer/pgfsys.cod
e.tex
Package: pgfsys 2023-01-15 v3.1.10 (3.1.10)

(/home/MoDMAN200o/.miktex/texmfs/install/tex/generic/pgf/utilities/pgfkeys.code
.tex
\pgfkeys@pathtoks=\toks30
\pgfkeys@temptoks=\toks31

(/home/MoDMAN200o/.miktex/texmfs/install/tex/generic/pgf/utilities/pgfkeyslibra
ryfiltered.code.tex
\pgfkeys@tmptoks=\toks32
))
\pgf@x=\dimen155
\pgf@y=\dimen156
\pgf@xa=\dimen157
\pgf@ya=\dimen158
\pgf@xb=\dimen159
\pgf@yb=\dimen160
\pgf@xc=\dimen161
\pgf@yc=\dimen162
\pgf@xd=\dimen163
\pgf@yd=\dimen164
\w@pgf@writea=\write3
\r@pgf@reada=\read2
\c@pgf@counta=\count280
\c@pgf@countb=\count281
\c@pgf@countc=\count282
\c@pgf@countd=\count283
\t@pgf@toka=\toks33
\t@pgf@tokb=\toks34
\t@pgf@tokc=\toks35
\pgf@sys@id@count=\count284

(/home/MoDMAN200o/.miktex/texmfs/install/tex/generic/pgf/systemlayer/pgf.cfg
File: pgf.cfg 2023-01-15 v3.1.10 (3.1.10)
)
Driver file for pgf: pgfsys-pdftex.def

(/home/MoDMAN200o/.miktex/texmfs/install/tex/generic/pgf/systemlayer/pgfsys-pdf
tex.def
File: pgfsys-pdftex.def 2023-01-15 v3.1.10 (3.1.10)

(/home/MoDMAN200o/.miktex/texmfs/install/tex/generic/pgf/systemlayer/pgfsys-com
mon-pdf.def
File: pgfsys-common-pdf.def 2023-01-15 v3.1.10 (3.1.10)
)))
(/home/MoDMAN200o/.miktex/texmfs/install/tex/generic/pgf/systemlayer/pgfsyssoft
path.code.tex
File: pgfsyssoftpath.code.tex 2023-01-15 v3.1.10 (3.1.10)
\pgfsyssoftpath@smallbuffer@items=\count285
\pgfsyssoftpath@bigbuffer@items=\count286
)
(/home/MoDMAN200o/.miktex/texmfs/install/tex/generic/pgf/systemlayer/pgfsysprot
ocol.code.tex
File: pgfsysprotocol.code.tex 2023-01-15 v3.1.10 (3.1.10)
))
(/home/MoDMAN200o/.miktex/texmfs/install/tex/latex/xcolor/xcolor.sty
Package: xcolor 2023/11/15 v3.01 LaTeX color extensions (UK)

(/home/MoDMAN200o/.miktex/texmfs/install/tex/latex/graphics-cfg/color.cfg
File: color.cfg 2016/01/02 v1.6 sample color configuration
)
Package xcolor Info: Driver file: pdftex.def on input line 274.

(/home/MoDMAN200o/.miktex/texmfs/install/tex/latex/graphics/mathcolor.ltx)
Package xcolor Info: Model `cmy' substituted by `cmy0' on input line 1350.
Package xcolor Info: Model `hsb' substituted by `rgb' on input line 1354.
Package xcolor Info: Model `RGB' extended on input line 1366.
Package xcolor Info: Model `HTML' substituted by `rgb' on input line 1368.
Package xcolor Info: Model `Hsb' substituted by `hsb' on input line 1369.
Package xcolor Info: Model `tHsb' substituted by `hsb' on input line 1370.
Package xcolor Info: Model `HSB' substituted by `hsb' on input line 1371.
Package xcolor Info: Model `Gray' substituted by `gray' on input line 1372.
Package xcolor Info: Model `wave' substituted by `hsb' on input line 1373.
)
(/home/MoDMAN200o/.miktex/texmfs/install/tex/generic/pgf/basiclayer/pgfcore.cod
e.tex
Package: pgfcore 2023-01-15 v3.1.10 (3.1.10)

(/home/MoDMAN200o/.miktex/texmfs/install/tex/generic/pgf/math/pgfmath.code.tex
(/home/MoDMAN200o/.miktex/texmfs/install/tex/generic/pgf/math/pgfmathutil.code.
tex)
(/home/MoDMAN200o/.miktex/texmfs/install/tex/generic/pgf/math/pgfmathparser.cod
e.tex
\pgfmath@dimen=\dimen165
\pgfmath@count=\count287
\pgfmath@box=\box55
\pgfmath@toks=\toks36
\pgfmath@stack@operand=\toks37
\pgfmath@stack@operation=\toks38
)
(/home/MoDMAN200o/.miktex/texmfs/install/tex/generic/pgf/math/pgfmathfunctions.
code.tex)
(/home/MoDMAN200o/.miktex/texmfs/install/tex/generic/pgf/math/pgfmathfunctions.
basic.code.tex)
(/home/MoDMAN200o/.miktex/texmfs/install/tex/generic/pgf/math/pgfmathfunctions.
trigonometric.code.tex)
(/home/MoDMAN200o/.miktex/texmfs/install/tex/generic/pgf/math/pgfmathfunctions.
random.code.tex)
(/home/MoDMAN200o/.miktex/texmfs/install/tex/generic/pgf/math/pgfmathfunctions.
comparison.code.tex)
(/home/MoDMAN200o/.miktex/texmfs/install/tex/generic/pgf/math/pgfmathfunctions.
base.code.tex)
(/home/MoDMAN200o/.miktex/texmfs/install/tex/generic/pgf/math/pgfmathfunctions.
round.code.tex)
(/home/MoDMAN200o/.miktex/texmfs/install/tex/generic/pgf/math/pgfmathfunctions.
misc.code.tex)
(/home/MoDMAN200o/.miktex/texmfs/install/tex/generic/pgf/math/pgfmathfunctions.
integerarithmetics.code.tex)
(/home/MoDMAN200o/.miktex/texmfs/install/tex/generic/pgf/math/pgfmathcalc.code.
tex)
(/home/MoDMAN200o/.miktex/texmfs/install/tex/generic/pgf/math/pgfmathfloat.code
.tex
\c@pgfmathroundto@lastzeros=\count288
))
(/home/MoDMAN200o/.miktex/texmfs/install/tex/generic/pgf/math/pgfint.code.tex)
(/home/MoDMAN200o/.miktex/texmfs/install/tex/generic/pgf/basiclayer/pgfcorepoin
ts.code.tex
File: pgfcorepoints.code.tex 2023-01-15 v3.1.10 (3.1.10)
\pgf@picminx=\dimen166
\pgf@picmaxx=\dimen167
\pgf@picminy=\dimen168
\pgf@picmaxy=\dimen169
\pgf@pathminx=\dimen170
\pgf@pathmaxx=\dimen171
\pgf@pathminy=\dimen172
\pgf@pathmaxy=\dimen173
\pgf@xx=\dimen174
\pgf@xy=\dimen175
\pgf@yx=\dimen176
\pgf@yy=\dimen177
\pgf@zx=\dimen178
\pgf@zy=\dimen179
)
(/home/MoDMAN200o/.miktex/texmfs/install/tex/generic/pgf/basiclayer/pgfcorepath
construct.code.tex
File: pgfcorepathconstruct.code.tex 2023-01-15 v3.1.10 (3.1.10)
\pgf@path@lastx=\dimen180
\pgf@path@lasty=\dimen181
)
(/home/MoDMAN200o/.miktex/texmfs/install/tex/generic/pgf/basiclayer/pgfcorepath
usage.code.tex
File: pgfcorepathusage.code.tex 2023-01-15 v3.1.10 (3.1.10)
\pgf@shorten@end@additional=\dimen182
\pgf@shorten@start@additional=\dimen183
)
(/home/MoDMAN200o/.miktex/texmfs/install/tex/generic/pgf/basiclayer/pgfcorescop
es.code.tex
File: pgfcorescopes.code.tex 2023-01-15 v3.1.10 (3.1.10)
\pgfpic=\box56
\pgf@hbox=\box57
\pgf@layerbox@main=\box58
\pgf@picture@serial@count=\count289
)
(/home/MoDMAN200o/.miktex/texmfs/install/tex/generic/pgf/basiclayer/pgfcoregrap
hicstate.code.tex
File: pgfcoregraphicstate.code.tex 2023-01-15 v3.1.10 (3.1.10)
\pgflinewidth=\dimen184
)
(/home/MoDMAN200o/.miktex/texmfs/install/tex/generic/pgf/basiclayer/pgfcoretran
sformations.code.tex
File: pgfcoretransformations.code.tex 2023-01-15 v3.1.10 (3.1.10)
\pgf@pt@x=\dimen185
\pgf@pt@y=\dimen186
\pgf@pt@temp=\dimen187
)
(/home/MoDMAN200o/.miktex/texmfs/install/tex/generic/pgf/basiclayer/pgfcorequic
k.code.tex
File: pgfcorequick.code.tex 2023-01-15 v3.1.10 (3.1.10)
)
(/home/MoDMAN200o/.miktex/texmfs/install/tex/generic/pgf/basiclayer/pgfcoreobje
cts.code.tex
File: pgfcoreobjects.code.tex 2023-01-15 v3.1.10 (3.1.10)
)
(/home/MoDMAN200o/.miktex/texmfs/install/tex/generic/pgf/basiclayer/pgfcorepath
processing.code.tex
File: pgfcorepathprocessing.code.tex 2023-01-15 v3.1.10 (3.1.10)
)
(/home/MoDMAN200o/.miktex/texmfs/install/tex/generic/pgf/basiclayer/pgfcorearro
ws.code.tex
File: pgfcorearrows.code.tex 2023-01-15 v3.1.10 (3.1.10)
\pgfarrowsep=\dimen188
)
(/home/MoDMAN200o/.miktex/texmfs/install/tex/generic/pgf/basiclayer/pgfcoreshad
e.code.tex
File: pgfcoreshade.code.tex 2023-01-15 v3.1.10 (3.1.10)
\pgf@max=\dimen189
\pgf@sys@shading@range@num=\count290
\pgf@shadingcount=\count291
)
(/home/MoDMAN200o/.miktex/texmfs/install/tex/generic/pgf/basiclayer/pgfcoreimag
e.code.tex
File: pgfcoreimage.code.tex 2023-01-15 v3.1.10 (3.1.10)
)
(/home/MoDMAN200o/.miktex/texmfs/install/tex/generic/pgf/basiclayer/pgfcoreexte
rnal.code.tex
File: pgfcoreexternal.code.tex 2023-01-15 v3.1.10 (3.1.10)
\pgfexternal@startupbox=\box59
)
(/home/MoDMAN200o/.miktex/texmfs/install/tex/generic/pgf/basiclayer/pgfcorelaye
rs.code.tex
File: pgfcorelayers.code.tex 2023-01-15 v3.1.10 (3.1.10)
)
(/home/MoDMAN200o/.miktex/texmfs/install/tex/generic/pgf/basiclayer/pgfcoretran
sparency.code.tex
File: pgfcoretransparency.code.tex 2023-01-15 v3.1.10 (3.1.10)
)
(/home/MoDMAN200o/.miktex/texmfs/install/tex/generic/pgf/basiclayer/pgfcorepatt
erns.code.tex
File: pgfcorepatterns.code.tex 2023-01-15 v3.1.10 (3.1.10)
)
(/home/MoDMAN200o/.miktex/texmfs/install/tex/generic/pgf/basiclayer/pgfcorerdf.
code.tex
File: pgfcorerdf.code.tex 2023-01-15 v3.1.10 (3.1.10)
)))
(/home/MoDMAN200o/.miktex/texmfs/install/tex/generic/pgf/modules/pgfmoduleshape
s.code.tex
File: pgfmoduleshapes.code.tex 2023-01-15 v3.1.10 (3.1.10)
\pgfnodeparttextbox=\box60
)
(/home/MoDMAN200o/.miktex/texmfs/install/tex/generic/pgf/modules/pgfmoduleplot.
code.tex
File: pgfmoduleplot.code.tex 2023-01-15 v3.1.10 (3.1.10)
)
(/home/MoDMAN200o/.miktex/texmfs/install/tex/latex/pgf/compatibility/pgfcomp-ve
rsion-0-65.sty
Package: pgfcomp-version-0-65 2023-01-15 v3.1.10 (3.1.10)
\pgf@nodesepstart=\dimen190
\pgf@nodesepend=\dimen191
)
(/home/MoDMAN200o/.miktex/texmfs/install/tex/latex/pgf/compatibility/pgfcomp-ve
rsion-1-18.sty
Package: pgfcomp-version-1-18 2023-01-15 v3.1.10 (3.1.10)
))
(/home/MoDMAN200o/.miktex/texmfs/install/tex/latex/pgf/utilities/pgffor.sty
(/home/MoDMAN200o/.miktex/texmfs/install/tex/latex/pgf/utilities/pgfkeys.sty
(/home/MoDMAN200o/.miktex/texmfs/install/tex/generic/pgf/utilities/pgfkeys.code
.tex)) (/home/MoDMAN200o/.miktex/texmfs/install/tex/latex/pgf/math/pgfmath.sty
(/home/MoDMAN200o/.miktex/texmfs/install/tex/generic/pgf/math/pgfmath.code.tex)
)
(/home/MoDMAN200o/.miktex/texmfs/install/tex/generic/pgf/utilities/pgffor.code.
tex
Package: pgffor 2023-01-15 v3.1.10 (3.1.10)
\pgffor@iter=\dimen192
\pgffor@skip=\dimen193
\pgffor@stack=\toks39
\pgffor@toks=\toks40
))
(/home/MoDMAN200o/.miktex/texmfs/install/tex/generic/pgf/frontendlayer/tikz/tik
z.code.tex
Package: tikz 2023-01-15 v3.1.10 (3.1.10)

(/home/MoDMAN200o/.miktex/texmfs/install/tex/generic/pgf/libraries/pgflibrarypl
othandlers.code.tex
File: pgflibraryplothandlers.code.tex 2023-01-15 v3.1.10 (3.1.10)
\pgf@plot@mark@count=\count292
\pgfplotmarksize=\dimen194
)
\tikz@lastx=\dimen195
\tikz@lasty=\dimen196
\tikz@lastxsaved=\dimen197
\tikz@lastysaved=\dimen198
\tikz@lastmovetox=\dimen199
\tikz@lastmovetoy=\dimen256
\tikzleveldistance=\dimen257
\tikzsiblingdistance=\dimen258
\tikz@figbox=\box61
\tikz@figbox@bg=\box62
\tikz@tempbox=\box63
\tikz@tempbox@bg=\box64
\tikztreelevel=\count293
\tikznumberofchildren=\count294
\tikznumberofcurrentchild=\count295
\tikz@fig@count=\count296

(/home/MoDMAN200o/.miktex/texmfs/install/tex/generic/pgf/modules/pgfmodulematri
x.code.tex
File: pgfmodulematrix.code.tex 2023-01-15 v3.1.10 (3.1.10)
\pgfmatrixcurrentrow=\count297
\pgfmatrixcurrentcolumn=\count298
\pgf@matrix@numberofcolumns=\count299
)
\tikz@expandcount=\count300

(/home/MoDMAN200o/.miktex/texmfs/install/tex/generic/pgf/frontendlayer/tikz/lib
raries/tikzlibrarytopaths.code.tex
File: tikzlibrarytopaths.code.tex 2023-01-15 v3.1.10 (3.1.10)
)))
(/home/MoDMAN200o/.miktex/texmfs/install/tex/latex/tikz-cd/tikzlibrarycd.code.t
ex
(/home/MoDMAN200o/.miktex/texmfs/install/tex/generic/pgf/frontendlayer/tikz/lib
raries/tikzlibrarymatrix.code.tex
File: tikzlibrarymatrix.code.tex 2023-01-15 v3.1.10 (3.1.10)
)
(/home/MoDMAN200o/.miktex/texmfs/install/tex/generic/pgf/frontendlayer/tikz/lib
raries/tikzlibraryquotes.code.tex
File: tikzlibraryquotes.code.tex 2023-01-15 v3.1.10 (3.1.10)
)
(/home/MoDMAN200o/.miktex/texmfs/install/tex/generic/pgf/libraries/pgflibraryar
rows.meta.code.tex
File: pgflibraryarrows.meta.code.tex 2023-01-15 v3.1.10 (3.1.10)
\pgfarrowinset=\dimen259
\pgfarrowlength=\dimen260
\pgfarrowwidth=\dimen261
\pgfarrowlinewidth=\dimen262
)))
(/home/MoDMAN200o/.miktex/texmfs/install/tex/latex/geometry/geometry.sty
Package: geometry 2020/01/02 v5.9 Page Geometry

(/home/MoDMAN200o/.miktex/texmfs/install/tex/generic/iftex/ifvtex.sty
Package: ifvtex 2019/10/25 v1.7 ifvtex legacy package. Use iftex instead.

(/home/MoDMAN200o/.miktex/texmfs/install/tex/generic/iftex/iftex.sty
Package: iftex 2022/02/03 v1.0f TeX engine tests
))
\Gm@cnth=\count301
\Gm@cntv=\count302
\c@Gm@tempcnt=\count303
\Gm@bindingoffset=\dimen263
\Gm@wd@mp=\dimen264
\Gm@odd@mp=\dimen265
\Gm@even@mp=\dimen266
\Gm@layoutwidth=\dimen267
\Gm@layoutheight=\dimen268
\Gm@layouthoffset=\dimen269
\Gm@layoutvoffset=\dimen270
\Gm@dimlist=\toks41

(/home/MoDMAN200o/.miktex/texmfs/install/tex/latex/geometry/geometry.cfg))
\c@theorem=\count304
\c@proposition=\count305
\c@corollary=\count306
\c@definition=\count307

(/home/MoDMAN200o/.miktex/texmfs/install/tex/latex/l3backend/l3backend-pdftex.d
ef
File: l3backend-pdftex.def 2024-05-08 L3 backend support: PDF output (pdfTeX)
\l__color_backend_stack_int=\count308
\l__pdf_internal_box=\box65
) (v5.aux)
\openout1 = `v5.aux'.

LaTeX Font Info:    Checking defaults for OML/cmm/m/it on input line 19.
LaTeX Font Info:    ... okay on input line 19.
LaTeX Font Info:    Checking defaults for OMS/cmsy/m/n on input line 19.
LaTeX Font Info:    ... okay on input line 19.
LaTeX Font Info:    Checking defaults for OT1/cmr/m/n on input line 19.
LaTeX Font Info:    ... okay on input line 19.
LaTeX Font Info:    Checking defaults for T1/cmr/m/n on input line 19.
LaTeX Font Info:    ... okay on input line 19.
LaTeX Font Info:    Checking defaults for TS1/cmr/m/n on input line 19.
LaTeX Font Info:    ... okay on input line 19.
LaTeX Font Info:    Checking defaults for OMX/cmex/m/n on input line 19.
LaTeX Font Info:    ... okay on input line 19.
LaTeX Font Info:    Checking defaults for U/cmr/m/n on input line 19.
LaTeX Font Info:    ... okay on input line 19.

(/home/MoDMAN200o/.miktex/texmfs/install/tex/context/base/mkii/supp-pdf.mkii
[Loading MPS to PDF converter (version 2006.09.02).]
\scratchcounter=\count309
\scratchdimen=\dimen271
\scratchbox=\box66
\nofMPsegments=\count310
\nofMParguments=\count311
\everyMPshowfont=\toks42
\MPscratchCnt=\count312
\MPscratchDim=\dimen272
\MPnumerator=\count313
\makeMPintoPDFobject=\count314
\everyMPtoPDFconversion=\toks43
)
(/home/MoDMAN200o/.miktex/texmfs/install/tex/latex/epstopdf-pkg/epstopdf-base.s
ty
Package: epstopdf-base 2020-01-24 v2.11 Base part for package epstopdf
Package epstopdf-base Info: Redefining graphics rule for `.eps' on input line 4
85.
 (/home/MoDMAN200o/.miktex/texmfs/install/tex/latex/00miktex/epstopdf-sys.cfg
File: epstopdf-sys.cfg 2021/03/18 v2.0 Configuration of epstopdf for MiKTeX
))
*geometry* driver: auto-detecting
*geometry* detected driver: pdftex
*geometry* verbose mode - [ preamble ] result:
* driver: pdftex
* paper: <default>
* layout: <same size as paper>
* layoutoffset:(h,v)=(0.0pt,0.0pt)
* modes: 
* h-part:(L,W,R)=(72.26999pt, 469.75502pt, 72.26999pt)
* v-part:(T,H,B)=(72.26999pt, 650.43001pt, 72.26999pt)
* \paperwidth=614.295pt
* \paperheight=794.96999pt
* \textwidth=469.75502pt
* \textheight=650.43001pt
* \oddsidemargin=0.0pt
* \evensidemargin=0.0pt
* \topmargin=-37.0pt
* \headheight=12.0pt
* \headsep=25.0pt
* \topskip=10.0pt
* \footskip=30.0pt
* \marginparwidth=65.0pt
* \marginparsep=11.0pt
* \columnsep=10.0pt
* \skip\footins=9.0pt plus 4.0pt minus 2.0pt
* \hoffset=0.0pt
* \voffset=0.0pt
* \mag=1000
* \@twocolumnfalse
* \@twosidefalse
* \@mparswitchfalse
* \@reversemarginfalse
* (1in=72.27pt=25.4mm, 1cm=28.453pt)

LaTeX Font Info:    Trying to load font information for U+msa on input line 21.

(/home/MoDMAN200o/.miktex/texmfs/install/tex/latex/amsfonts/umsa.fd
File: umsa.fd 2013/01/14 v3.01 AMS symbols A
)
LaTeX Font Info:    Trying to load font information for U+msb on input line 21.


(/home/MoDMAN200o/.miktex/texmfs/install/tex/latex/amsfonts/umsb.fd
File: umsb.fd 2013/01/14 v3.01 AMS symbols B
)
Overfull \hbox (0.14288pt too wide) in paragraph at lines 24--25
[]\OT1/cmr/m/n/9 This paper develops a categorical framework to formalize dimen
sional analysis using display categories,
 []

(v5.toc

[1

{/home/MoDMAN200o/.miktex/texmfs/data/fonts/map/pdftex/pdftex.map}])
\tf@toc=\write4
\openout4 = `v5.toc'.



[2]
Overfull \hbox (8.32056pt too wide) in paragraph at lines 62--63
[]\OT1/cmr/bx/n/10 Definition 2.3 \OT1/cmr/m/n/10 (Natural Transformation Treas
ure)\OT1/cmr/bx/n/10 . []\OT1/cmr/m/n/10 Given two functors $\OML/cmm/m/it/10 F
; G \OT1/cmr/m/n/10 : \OMS/cmsy/m/n/10 C ! D$\OT1/cmr/m/n/10 , a \OT1/cmr/m/it/
10 natural transformation
 []


Overfull \hbox (8.48462pt too wide) in paragraph at lines 74--75
[]\OT1/cmr/bx/n/10 Definition 2.4 \OT1/cmr/m/n/10 (Dimension Delight)\OT1/cmr/b
x/n/10 . []\OT1/cmr/m/n/10 A \OT1/cmr/m/it/10 dimension \OT1/cmr/m/n/10 is a fu
ndamental measure of a physical quantity, represented
 []



[3]

[4]
Overfull \hbox (10.88774pt too wide) in paragraph at lines 228--229
[]\OT1/cmr/bx/n/10 Theorem 6.1 \OT1/cmr/m/n/10 (Equivalence Enchantment Theorem
)\OT1/cmr/bx/n/10 . []\OT1/cmr/m/it/10 Systems that are isometrically or isomor
phically invariant
 []



[5]

[6]

[7]
Overfull \hbox (3.05142pt too wide) in paragraph at lines 405--406
\OT1/cmr/m/n/10 In statistical modeling, such as regression analysis, including
 linearly dependent (or highly collinear) predictors
 []


Overfull \hbox (5.66284pt too wide) in paragraph at lines 416--417
[]\OT1/cmr/bx/n/10 Proposition 8.2 \OT1/cmr/m/n/10 (Simplification Strategy Pro
position)\OT1/cmr/bx/n/10 . []\OT1/cmr/m/it/10 To prevent overfitting due to di
mensional redundancy,
 []



[8]
Overfull \hbox (16.16257pt too wide) in paragraph at lines 432--433
[]\OT1/cmr/m/n/10 By applying these strategies, we simplify the model, enhance 
its generalizability, and maintain interpretability.
 []


Overfull \hbox (1.31564pt too wide) in paragraph at lines 476--477
[]\OT1/cmr/bx/n/10 Theorem 9.1 \OT1/cmr/m/n/10 (Hyperparameter Harmony Theorem)
\OT1/cmr/bx/n/10 . []\OT1/cmr/m/it/10 Models sharing the same dimensionless hyp
erparameter
 []



[9]
Overfull \hbox (1.92738pt too wide) in paragraph at lines 506--507
[]\OT1/cmr/bx/n/10 Isometric: \OT1/cmr/m/n/10 Preserves the quantitative relati
onships, such as weight magnitudes and activation patterns,
 []


Overfull \hbox (15.3102pt too wide) in paragraph at lines 522--523
[]\OT1/cmr/m/n/10 Formally, if we have variables $\OML/cmm/m/it/10 v[]; v[]; []
 ; v[]$ \OT1/cmr/m/n/10 with dimensions, there exist $\OML/cmm/m/it/10 k$ \OT1/
cmr/m/n/10 dimensionless groups $^^E[]\OML/cmm/m/it/10 ; \OT1/cmr/m/n/10 ^^E[]\
OML/cmm/m/it/10 ; [] ; \OT1/cmr/m/n/10 ^^E[]$
 []



[10]
Overfull \hbox (10.87196pt too wide) in paragraph at lines 540--541
[]\OT1/cmr/m/n/10 Consider the category $\OMS/cmsy/m/n/10 C$ \OT1/cmr/m/n/10 wh
ose objects are dimensioned variables and whose morphisms are dimensionally
 []



[11]
Overfull \hbox (5.85686pt too wide) in paragraph at lines 601--602
[]\OT1/cmr/m/n/10 The dimensionless groups act as free generators that define h
ow invariants are mapped to the dimensioned
 []



[12]
Overfull \hbox (2.2886pt too wide) in paragraph at lines 643--644
[]\OT1/cmr/m/n/10 Let $\OMS/cmsy/m/n/10 C$ \OT1/cmr/m/n/10 be the category wher
e objects are sets of dimensioned variables, and morphisms are dimensionally
 []


Overfull \hbox (0.75706pt too wide) in paragraph at lines 658--659
[]\OT1/cmr/bx/n/10 Proposition 11.1 \OT1/cmr/m/n/10 (Universality of Physical L
aws)\OT1/cmr/bx/n/10 . []\OT1/cmr/m/it/10 Physical laws that are expressed in t
erms of dimensionless
 []


Overfull \hbox (16.4126pt too wide) in paragraph at lines 673--674
[]\OT1/cmr/m/n/10 Recognize that any dimensionally consistent function factors 
through the dimensionless groups, highlighting
 []


Overfull \hbox (13.15341pt too wide) in paragraph at lines 679--680
\OT1/cmr/m/n/10 functors, natural transformations, and universal properties. By
 introducing isometric and isomorphic invariances
 []



[13]

[14] (v5.aux)
 ***********
LaTeX2e <2024-06-01> patch level 2
L3 programming layer <2024-07-20>
 ***********
 ) 
Here is how much of TeX's memory you used:
 14672 strings out of 475834
 304948 string characters out of 5777856
 1942957 words of memory out of 5000000
 37048 multiletter control sequences out of 15000+600000
 568537 words of font info for 75 fonts, out of 8000000 for 9000
 0 hyphenation exceptions out of 8191
 116i,15n,121p,1218b,1057s stack positions out of 10000i,1000n,20000p,200000b,200000s
 </home/MoDMAN200o/.miktex/texmfs/data/fonts/pk/ljfour/jknappen/ec/dpi600/tcr
m1000.pk></home/MoDMAN200o/.miktex/texmfs/install/fonts/type1/public/amsfonts/c
m/cmbx10.pfb></home/MoDMAN200o/.miktex/texmfs/install/fonts/type1/public/amsfon
ts/cm/cmbx12.pfb></home/MoDMAN200o/.miktex/texmfs/install/fonts/type1/public/am
sfonts/cm/cmbx9.pfb></home/MoDMAN200o/.miktex/texmfs/install/fonts/type1/public
/amsfonts/cm/cmex10.pfb></home/MoDMAN200o/.miktex/texmfs/install/fonts/type1/pu
blic/amsfonts/cmextra/cmex7.pfb></home/MoDMAN200o/.miktex/texmfs/install/fonts/
type1/public/amsfonts/cm/cmmi10.pfb></home/MoDMAN200o/.miktex/texmfs/install/fo
nts/type1/public/amsfonts/cm/cmmi5.pfb></home/MoDMAN200o/.miktex/texmfs/install
/fonts/type1/public/amsfonts/cm/cmmi7.pfb></home/MoDMAN200o/.miktex/texmfs/inst
all/fonts/type1/public/amsfonts/cm/cmr10.pfb></home/MoDMAN200o/.miktex/texmfs/i
nstall/fonts/type1/public/amsfonts/cm/cmr12.pfb></home/MoDMAN200o/.miktex/texmf
s/install/fonts/type1/public/amsfonts/cm/cmr17.pfb></home/MoDMAN200o/.miktex/te
xmfs/install/fonts/type1/public/amsfonts/cm/cmr5.pfb></home/MoDMAN200o/.miktex/
texmfs/install/fonts/type1/public/amsfonts/cm/cmr7.pfb></home/MoDMAN200o/.mikte
x/texmfs/install/fonts/type1/public/amsfonts/cm/cmr9.pfb></home/MoDMAN200o/.mik
tex/texmfs/install/fonts/type1/public/amsfonts/cm/cmsy10.pfb></home/MoDMAN200o/
.miktex/texmfs/install/fonts/type1/public/amsfonts/cm/cmsy7.pfb></home/MoDMAN20
0o/.miktex/texmfs/install/fonts/type1/public/amsfonts/cm/cmti10.pfb></home/MoDM
AN200o/.miktex/texmfs/install/fonts/type1/public/amsfonts/cm/cmti7.pfb></home/M
oDMAN200o/.miktex/texmfs/install/fonts/type1/public/amsfonts/symbols/msbm10.pfb
>
Output written on v5.pdf (14 pages, 301223 bytes).
PDF statistics:
 151 PDF objects out of 1000 (max. 8388607)
 0 named destinations out of 1000 (max. 500000)
 13 words of extra memory for PDF output out of 10000 (max. 10000000)

