\BOOKMARK [1][-]{section.1}{\376\377\000I\000n\000t\000r\000o\000d\000u\000c\000t\000i\000o\000n}{}% 1
\BOOKMARK [2][-]{subsection.1.1}{\376\377\000B\000a\000c\000k\000g\000r\000o\000u\000n\000d}{section.1}% 2
\BOOKMARK [2][-]{subsection.1.2}{\376\377\000B\000u\000c\000k\000i\000n\000g\000h\000a\000m\000\040\000P\000i}{section.1}% 3
\BOOKMARK [2][-]{subsection.1.3}{\376\377\000M\000a\000c\000h\000i\000n\000e\000\040\000L\000e\000a\000r\000n\000i\000n\000g\000\040\000a\000n\000d\000\040\000G\000r\000a\000p\000h\000s}{section.1}% 4
\BOOKMARK [3][-]{subsubsection.1.3.1}{\376\377\000D\000e\000c\000i\000s\000i\000o\000n\000\040\000T\000r\000e\000e\000s\000\040\000a\000n\000d\000\040\000R\000a\000n\000d\000o\000m\000\040\000F\000o\000r\000e\000s\000t\000s}{subsection.1.3}% 5
\BOOKMARK [3][-]{subsubsection.1.3.2}{\376\377\000N\000e\000u\000r\000a\000l\000\040\000N\000e\000t\000w\000o\000r\000k\000s\000\040\000a\000n\000d\000\040\000D\000e\000e\000p\000\040\000L\000e\000a\000r\000n\000i\000n\000g}{subsection.1.3}% 6
\BOOKMARK [1][-]{section.2}{\376\377\000M\000e\000t\000h\000o\000d\000o\000l\000o\000g\000y}{}% 7
\BOOKMARK [2][-]{subsection.2.1}{\376\377\000D\000a\000t\000a\000\040\000M\000a\000n\000i\000p\000u\000l\000a\000t\000i\000o\000n\000\040\000a\000n\000d\000\040\000B\000u\000c\000k\000i\000n\000g\000h\000a\000m\000\040\000P\000i}{section.2}% 8
\BOOKMARK [2][-]{subsection.2.2}{\376\377\000M\000o\000d\000e\000l\000s}{section.2}% 9
\BOOKMARK [3][-]{subsubsection.2.2.1}{\376\377\000D\000e\000c\000i\000s\000i\000o\000n\000\040\000T\000r\000e\000e\000s}{subsection.2.2}% 10
\BOOKMARK [3][-]{subsubsection.2.2.2}{\376\377\000R\000a\000n\000d\000o\000m\000\040\000F\000o\000r\000e\000s\000t\000s}{subsection.2.2}% 11
\BOOKMARK [3][-]{subsubsection.2.2.3}{\376\377\000G\000r\000a\000d\000i\000e\000n\000t\000\040\000B\000o\000o\000s\000t\000e\000d\000\040\000F\000o\000r\000e\000s\000t\000s}{subsection.2.2}% 12
\BOOKMARK [2][-]{subsection.2.3}{\376\377\000N\000e\000u\000r\000a\000l\000\040\000N\000e\000t\000w\000o\000r\000k\000s}{section.2}% 13
\BOOKMARK [2][-]{subsection.2.4}{\376\377\000H\000o\000w\000\040\000t\000o\000\040\000i\000n\000c\000l\000u\000d\000e\000\040\000F\000i\000g\000u\000r\000e\000s}{section.2}% 14
\BOOKMARK [2][-]{subsection.2.5}{\376\377\000H\000o\000w\000\040\000t\000o\000\040\000a\000d\000d\000\040\000T\000a\000b\000l\000e\000s}{section.2}% 15
\BOOKMARK [2][-]{subsection.2.6}{\376\377\000H\000o\000w\000\040\000t\000o\000\040\000a\000d\000d\000\040\000C\000o\000m\000m\000e\000n\000t\000s\000\040\000a\000n\000d\000\040\000T\000r\000a\000c\000k\000\040\000C\000h\000a\000n\000g\000e\000s}{section.2}% 16
\BOOKMARK [2][-]{subsection.2.7}{\376\377\000H\000o\000w\000\040\000t\000o\000\040\000a\000d\000d\000\040\000L\000i\000s\000t\000s}{section.2}% 17
\BOOKMARK [2][-]{subsection.2.8}{\376\377\000H\000o\000w\000\040\000t\000o\000\040\000w\000r\000i\000t\000e\000\040\000M\000a\000t\000h\000e\000m\000a\000t\000i\000c\000s}{section.2}% 18
\BOOKMARK [2][-]{subsection.2.9}{\376\377\000H\000o\000w\000\040\000t\000o\000\040\000c\000h\000a\000n\000g\000e\000\040\000t\000h\000e\000\040\000m\000a\000r\000g\000i\000n\000s\000\040\000a\000n\000d\000\040\000p\000a\000p\000e\000r\000\040\000s\000i\000z\000e}{section.2}% 19
\BOOKMARK [2][-]{subsection.2.10}{\376\377\000H\000o\000w\000\040\000t\000o\000\040\000c\000h\000a\000n\000g\000e\000\040\000t\000h\000e\000\040\000d\000o\000c\000u\000m\000e\000n\000t\000\040\000l\000a\000n\000g\000u\000a\000g\000e\000\040\000a\000n\000d\000\040\000s\000p\000e\000l\000l\000\040\000c\000h\000e\000c\000k\000\040\000s\000e\000t\000t\000i\000n\000g\000s}{section.2}% 20
\BOOKMARK [2][-]{subsection.2.11}{\376\377\000H\000o\000w\000\040\000t\000o\000\040\000a\000d\000d\000\040\000C\000i\000t\000a\000t\000i\000o\000n\000s\000\040\000a\000n\000d\000\040\000a\000\040\000R\000e\000f\000e\000r\000e\000n\000c\000e\000s\000\040\000L\000i\000s\000t}{section.2}% 21
\BOOKMARK [2][-]{subsection.2.12}{\376\377\000G\000o\000o\000d\000\040\000l\000u\000c\000k\000!}{section.2}% 22
